# JRE version: OpenJDK Runtime Environment (8.0_202-b03) (build 1.8.0_202-release-1483-b03)
# Java VM: OpenJDK 64-Bit Server VM (25.202-b03 mixed mode windows-amd64 compressed oops)
Heap:
 PSYoungGen      total 410112K, used 219682K [0x00000000e0000000, 0x00000000ff300000, 0x0000000100000000)
  eden space 309248K, 54% used [0x00000000e0000000,0x00000000ea3aef38,0x00000000f2e00000)
  from space 100864K, 51% used [0x00000000f9080000,0x00000000fc359bb0,0x00000000ff300000)
  to   space 100864K, 0% used [0x00000000f2e00000,0x00000000f2e00000,0x00000000f9080000)
 ParOldGen       total 351232K, used 127868K [0x00000000a0000000, 0x00000000b5700000, 0x00000000e0000000)
  object space 351232K, 36% used [0x00000000a0000000,0x00000000a7cdf028,0x00000000b5700000)
 Metaspace       used 225714K, capacity 233332K, committed 235028K, reserved 1255424K
  class space    used 26741K, capacity 28217K, committed 28988K, reserved 1048576K
GC Heap History (10 events):
Event: 2415.976 GC heap before
{Heap before GC invocations=73 (full 6):
 PSYoungGen      total 387072K, used 287199K [0x00000000e0000000, 0x00000000ff480000, 0x0000000100000000)
  eden space 266752K, 100% used [0x00000000e0000000,0x00000000f0480000,0x00000000f0480000)
  from space 120320K, 16% used [0x00000000f7f00000,0x00000000f92f7d48,0x00000000ff480000)
  to   space 122880K, 0% used [0x00000000f0480000,0x00000000f0480000,0x00000000f7c80000)
 ParOldGen       total 321024K, used 217850K [0x00000000a0000000, 0x00000000b3980000, 0x00000000e0000000)
  object space 321024K, 67% used [0x00000000a0000000,0x00000000ad4be848,0x00000000b3980000)
 Metaspace       used 226775K, capacity 235190K, committed 235480K, reserved 1255424K
  class space    used 26940K, capacity 28582K, committed 28672K, reserved 1048576K
Event: 2416.006 GC heap after
Heap after GC invocations=73 (full 6):
 PSYoungGen      total 389632K, used 40065K [0x00000000e0000000, 0x00000000ff680000, 0x0000000100000000)
  eden space 266752K, 0% used [0x00000000e0000000,0x00000000e0000000,0x00000000f0480000)
  from space 122880K, 32% used [0x00000000f0480000,0x00000000f2ba0680,0x00000000f7c80000)
  to   space 116736K, 0% used [0x00000000f8480000,0x00000000f8480000,0x00000000ff680000)
 ParOldGen       total 321024K, used 217970K [0x00000000a0000000, 0x00000000b3980000, 0x00000000e0000000)
  object space 321024K, 67% used [0x00000000a0000000,0x00000000ad4dc848,0x00000000b3980000)
 Metaspace       used 226775K, capacity 235190K, committed 235480K, reserved 1255424K
  class space    used 26940K, capacity 28582K, committed 28672K, reserved 1048576K
}
Event: 2416.495 GC heap before
{Heap before GC invocations=74 (full 6):
 PSYoungGen      total 389632K, used 72203K [0x00000000e0000000, 0x00000000ff680000, 0x0000000100000000)
  eden space 266752K, 12% used [0x00000000e0000000,0x00000000e1f62968,0x00000000f0480000)
  from space 122880K, 32% used [0x00000000f0480000,0x00000000f2ba0680,0x00000000f7c80000)
  to   space 116736K, 0% used [0x00000000f8480000,0x00000000f8480000,0x00000000ff680000)
 ParOldGen       total 321024K, used 217970K [0x00000000a0000000, 0x00000000b3980000, 0x00000000e0000000)
  object space 321024K, 67% used [0x00000000a0000000,0x00000000ad4dc848,0x00000000b3980000)
 Metaspace       used 230343K, capacity 238742K, committed 238868K, reserved 1259520K
  class space    used 27305K, capacity 28934K, committed 28988K, reserved 1048576K
Event: 2416.533 GC heap after
Heap after GC invocations=74 (full 6):
 PSYoungGen      total 392704K, used 48321K [0x00000000e0000000, 0x00000000fee00000, 0x0000000100000000)
  eden space 284672K, 0% used [0x00000000e0000000,0x00000000e0000000,0x00000000f1600000)
  from space 108032K, 44% used [0x00000000f8480000,0x00000000fb3b07c8,0x00000000fee00000)
  to   space 110592K, 0% used [0x00000000f1600000,0x00000000f1600000,0x00000000f8200000)
 ParOldGen       total 321024K, used 219178K [0x00000000a0000000, 0x00000000b3980000, 0x00000000e0000000)
  object space 321024K, 68% used [0x00000000a0000000,0x00000000ad60ab20,0x00000000b3980000)
 Metaspace       used 230343K, capacity 238742K, committed 238868K, reserved 1259520K
  class space    used 27305K, capacity 28934K, committed 28988K, reserved 1048576K
}
Event: 2416.533 GC heap before
{Heap before GC invocations=75 (full 7):
 PSYoungGen      total 392704K, used 48321K [0x00000000e0000000, 0x00000000fee00000, 0x0000000100000000)
  eden space 284672K, 0% used [0x00000000e0000000,0x00000000e0000000,0x00000000f1600000)
  from space 108032K, 44% used [0x00000000f8480000,0x00000000fb3b07c8,0x00000000fee00000)
  to   space 110592K, 0% used [0x00000000f1600000,0x00000000f1600000,0x00000000f8200000)
 ParOldGen       total 321024K, used 219178K [0x00000000a0000000, 0x00000000b3980000, 0x00000000e0000000)
  object space 321024K, 68% used [0x00000000a0000000,0x00000000ad60ab20,0x00000000b3980000)
 Metaspace       used 230343K, capacity 238742K, committed 238868K, reserved 1259520K
  class space    used 27305K, capacity 28934K, committed 28988K, reserved 1048576K
Event: 2417.128 GC heap after
Heap after GC invocations=75 (full 7):
 PSYoungGen      total 392704K, used 0K [0x00000000e0000000, 0x00000000fee00000, 0x0000000100000000)
  eden space 284672K, 0% used [0x00000000e0000000,0x00000000e0000000,0x00000000f1600000)
  from space 108032K, 0% used [0x00000000f8480000,0x00000000f8480000,0x00000000fee00000)
  to   space 110592K, 0% used [0x00000000f1600000,0x00000000f1600000,0x00000000f8200000)
 ParOldGen       total 351232K, used 127852K [0x00000000a0000000, 0x00000000b5700000, 0x00000000e0000000)
  object space 351232K, 36% used [0x00000000a0000000,0x00000000a7cdb028,0x00000000b5700000)
 Metaspace       used 216352K, capacity 223892K, committed 232724K, reserved 1253376K
  class space    used 25665K, capacity 27119K, committed 28988K, reserved 1048576K
}
Event: 2603.574 GC heap before
{Heap before GC invocations=76 (full 7):
 PSYoungGen      total 392704K, used 284672K [0x00000000e0000000, 0x00000000fee00000, 0x0000000100000000)
  eden space 284672K, 100% used [0x00000000e0000000,0x00000000f1600000,0x00000000f1600000)
  from space 108032K, 0% used [0x00000000f8480000,0x00000000f8480000,0x00000000fee00000)
  to   space 110592K, 0% used [0x00000000f1600000,0x00000000f1600000,0x00000000f8200000)
 ParOldGen       total 351232K, used 127852K [0x00000000a0000000, 0x00000000b5700000, 0x00000000e0000000)
  object space 351232K, 36% used [0x00000000a0000000,0x00000000a7cdb028,0x00000000b5700000)
 Metaspace       used 219175K, capacity 226760K, committed 232724K, reserved 1253376K
  class space    used 26014K, capacity 27473K, committed 28988K, reserved 1048576K
Event: 2603.623 GC heap after
Heap after GC invocations=76 (full 7):
 PSYoungGen      total 395264K, used 42756K [0x00000000e0000000, 0x00000000ff680000, 0x0000000100000000)
  eden space 284672K, 0% used [0x00000000e0000000,0x00000000e0000000,0x00000000f1600000)
  from space 110592K, 38% used [0x00000000f1600000,0x00000000f3fc1030,0x00000000f8200000)
  to   space 104448K, 0% used [0x00000000f9080000,0x00000000f9080000,0x00000000ff680000)
 ParOldGen       total 351232K, used 127860K [0x00000000a0000000, 0x00000000b5700000, 0x00000000e0000000)
  object space 351232K, 36% used [0x00000000a0000000,0x00000000a7cdd028,0x00000000b5700000)
 Metaspace       used 219175K, capacity 226760K, committed 232724K, reserved 1253376K
  class space    used 26014K, capacity 27473K, committed 28988K, reserved 1048576K
}
Event: 2605.677 GC heap before
{Heap before GC invocations=77 (full 7):
 PSYoungGen      total 395264K, used 327428K [0x00000000e0000000, 0x00000000ff680000, 0x0000000100000000)
  eden space 284672K, 100% used [0x00000000e0000000,0x00000000f1600000,0x00000000f1600000)
  from space 110592K, 38% used [0x00000000f1600000,0x00000000f3fc1030,0x00000000f8200000)
  to   space 104448K, 0% used [0x00000000f9080000,0x00000000f9080000,0x00000000ff680000)
 ParOldGen       total 351232K, used 127860K [0x00000000a0000000, 0x00000000b5700000, 0x00000000e0000000)
  object space 351232K, 36% used [0x00000000a0000000,0x00000000a7cdd028,0x00000000b5700000)
 Metaspace       used 225666K, capacity 233332K, committed 235028K, reserved 1255424K
  class space    used 26741K, capacity 28217K, committed 28988K, reserved 1048576K
Event: 2605.713 GC heap after
Heap after GC invocations=77 (full 7):
 PSYoungGen      total 410112K, used 52070K [0x00000000e0000000, 0x00000000ff300000, 0x0000000100000000)
  eden space 309248K, 0% used [0x00000000e0000000,0x00000000e0000000,0x00000000f2e00000)
  from space 100864K, 51% used [0x00000000f9080000,0x00000000fc359bb0,0x00000000ff300000)
  to   space 100864K, 0% used [0x00000000f2e00000,0x00000000f2e00000,0x00000000f9080000)
 ParOldGen       total 351232K, used 127868K [0x00000000a0000000, 0x00000000b5700000, 0x00000000e0000000)
  object space 351232K, 36% used [0x00000000a0000000,0x00000000a7cdf028,0x00000000b5700000)
 Metaspace       used 225666K, capacity 233332K, committed 235028K, reserved 1255424K
  class space    used 26741K, capacity 28217K, committed 28988K, reserved 1048576K
}

