# JRE version: OpenJDK Runtime Environment (8.0_202-b03) (build 1.8.0_202-release-1483-b03)
# Java VM: OpenJDK 64-Bit Server VM (25.202-b03 mixed mode windows-amd64 compressed oops)
Heap:
 PSYoungGen      total 203776K, used 110122K [0x00000000e0000000, 0x00000000ee480000, 0x0000000100000000)
  eden space 185856K, 59% used [0x00000000e0000000,0x00000000e6b8a8b8,0x00000000eb580000)
  from space 17920K, 0% used [0x00000000eca80000,0x00000000eca80000,0x00000000edc00000)
  to   space 21504K, 0% used [0x00000000eb580000,0x00000000eb580000,0x00000000eca80000)
 ParOldGen       total 154112K, used 36475K [0x00000000a0000000, 0x00000000a9680000, 0x00000000e0000000)
  object space 154112K, 23% used [0x00000000a0000000,0x00000000a239eda8,0x00000000a9680000)
 Metaspace       used 59937K, capacity 62150K, committed 62488K, reserved 1103872K
  class space    used 8165K, capacity 8658K, committed 8744K, reserved 1048576K
GC Heap History (10 events):
Event: 3.980 GC heap before
{Heap before GC invocations=9 (full 1):
 PSYoungGen      total 141824K, used 29843K [0x00000000e0000000, 0x00000000eb080000, 0x0000000100000000)
  eden space 130048K, 13% used [0x00000000e0000000,0x00000000e11aaff0,0x00000000e7f00000)
  from space 11776K, 99% used [0x00000000e7f00000,0x00000000e8a79d78,0x00000000e8a80000)
  to   space 13824K, 0% used [0x00000000ea300000,0x00000000ea300000,0x00000000eb080000)
 ParOldGen       total 65536K, used 11229K [0x00000000a0000000, 0x00000000a4000000, 0x00000000e0000000)
  object space 65536K, 17% used [0x00000000a0000000,0x00000000a0af77c8,0x00000000a4000000)
 Metaspace       used 34663K, capacity 35404K, committed 35496K, reserved 1079296K
  class space    used 4785K, capacity 5003K, committed 5032K, reserved 1048576K
Event: 3.988 GC heap after
Heap after GC invocations=9 (full 1):
 PSYoungGen      total 166400K, used 10162K [0x00000000e0000000, 0x00000000ee100000, 0x0000000100000000)
  eden space 152576K, 0% used [0x00000000e0000000,0x00000000e0000000,0x00000000e9500000)
  from space 13824K, 73% used [0x00000000ea300000,0x00000000eaceca80,0x00000000eb080000)
  to   space 14336K, 0% used [0x00000000e9500000,0x00000000e9500000,0x00000000ea300000)
 ParOldGen       total 65536K, used 11237K [0x00000000a0000000, 0x00000000a4000000, 0x00000000e0000000)
  object space 65536K, 17% used [0x00000000a0000000,0x00000000a0af97c8,0x00000000a4000000)
 Metaspace       used 34663K, capacity 35404K, committed 35496K, reserved 1079296K
  class space    used 4785K, capacity 5003K, committed 5032K, reserved 1048576K
}
Event: 3.988 GC heap before
{Heap before GC invocations=10 (full 2):
 PSYoungGen      total 166400K, used 10162K [0x00000000e0000000, 0x00000000ee100000, 0x0000000100000000)
  eden space 152576K, 0% used [0x00000000e0000000,0x00000000e0000000,0x00000000e9500000)
  from space 13824K, 73% used [0x00000000ea300000,0x00000000eaceca80,0x00000000eb080000)
  to   space 14336K, 0% used [0x00000000e9500000,0x00000000e9500000,0x00000000ea300000)
 ParOldGen       total 65536K, used 11237K [0x00000000a0000000, 0x00000000a4000000, 0x00000000e0000000)
  object space 65536K, 17% used [0x00000000a0000000,0x00000000a0af97c8,0x00000000a4000000)
 Metaspace       used 34663K, capacity 35404K, committed 35496K, reserved 1079296K
  class space    used 4785K, capacity 5003K, committed 5032K, reserved 1048576K
Event: 4.042 GC heap after
Heap after GC invocations=10 (full 2):
 PSYoungGen      total 166400K, used 0K [0x00000000e0000000, 0x00000000ee100000, 0x0000000100000000)
  eden space 152576K, 0% used [0x00000000e0000000,0x00000000e0000000,0x00000000e9500000)
  from space 13824K, 0% used [0x00000000ea300000,0x00000000ea300000,0x00000000eb080000)
  to   space 14336K, 0% used [0x00000000e9500000,0x00000000e9500000,0x00000000ea300000)
 ParOldGen       total 100352K, used 17209K [0x00000000a0000000, 0x00000000a6200000, 0x00000000e0000000)
  object space 100352K, 17% used [0x00000000a0000000,0x00000000a10ce508,0x00000000a6200000)
 Metaspace       used 34640K, capacity 35326K, committed 35496K, reserved 1079296K
  class space    used 4778K, capacity 4990K, committed 5032K, reserved 1048576K
}
Event: 5.635 GC heap before
{Heap before GC invocations=11 (full 2):
 PSYoungGen      total 166400K, used 152576K [0x00000000e0000000, 0x00000000ee100000, 0x0000000100000000)
  eden space 152576K, 100% used [0x00000000e0000000,0x00000000e9500000,0x00000000e9500000)
  from space 13824K, 0% used [0x00000000ea300000,0x00000000ea300000,0x00000000eb080000)
  to   space 14336K, 0% used [0x00000000e9500000,0x00000000e9500000,0x00000000ea300000)
 ParOldGen       total 100352K, used 17209K [0x00000000a0000000, 0x00000000a6200000, 0x00000000e0000000)
  object space 100352K, 17% used [0x00000000a0000000,0x00000000a10ce508,0x00000000a6200000)
 Metaspace       used 49079K, capacity 50336K, committed 50600K, reserved 1093632K
  class space    used 6629K, capacity 6973K, committed 7080K, reserved 1048576K
Event: 5.654 GC heap after
Heap after GC invocations=11 (full 2):
 PSYoungGen      total 166912K, used 14322K [0x00000000e0000000, 0x00000000edc00000, 0x0000000100000000)
  eden space 152576K, 0% used [0x00000000e0000000,0x00000000e0000000,0x00000000e9500000)
  from space 14336K, 99% used [0x00000000e9500000,0x00000000ea2fcb30,0x00000000ea300000)
  to   space 17920K, 0% used [0x00000000eca80000,0x00000000eca80000,0x00000000edc00000)
 ParOldGen       total 100352K, used 22034K [0x00000000a0000000, 0x00000000a6200000, 0x00000000e0000000)
  object space 100352K, 21% used [0x00000000a0000000,0x00000000a1584908,0x00000000a6200000)
 Metaspace       used 49079K, capacity 50336K, committed 50600K, reserved 1093632K
  class space    used 6629K, capacity 6973K, committed 7080K, reserved 1048576K
}
Event: 6.841 GC heap before
{Heap before GC invocations=12 (full 2):
 PSYoungGen      total 166912K, used 126518K [0x00000000e0000000, 0x00000000edc00000, 0x0000000100000000)
  eden space 152576K, 73% used [0x00000000e0000000,0x00000000e6d90ea8,0x00000000e9500000)
  from space 14336K, 99% used [0x00000000e9500000,0x00000000ea2fcb30,0x00000000ea300000)
  to   space 17920K, 0% used [0x00000000eca80000,0x00000000eca80000,0x00000000edc00000)
 ParOldGen       total 100352K, used 22034K [0x00000000a0000000, 0x00000000a6200000, 0x00000000e0000000)
  object space 100352K, 21% used [0x00000000a0000000,0x00000000a1584908,0x00000000a6200000)
 Metaspace       used 57486K, capacity 59102K, committed 59160K, reserved 1099776K
  class space    used 7795K, capacity 8190K, committed 8232K, reserved 1048576K
Event: 6.862 GC heap after
Heap after GC invocations=12 (full 2):
 PSYoungGen      total 203776K, used 17909K [0x00000000e0000000, 0x00000000ee480000, 0x0000000100000000)
  eden space 185856K, 0% used [0x00000000e0000000,0x00000000e0000000,0x00000000eb580000)
  from space 17920K, 99% used [0x00000000eca80000,0x00000000edbfd788,0x00000000edc00000)
  to   space 21504K, 0% used [0x00000000eb580000,0x00000000eb580000,0x00000000eca80000)
 ParOldGen       total 100352K, used 24905K [0x00000000a0000000, 0x00000000a6200000, 0x00000000e0000000)
  object space 100352K, 24% used [0x00000000a0000000,0x00000000a1852400,0x00000000a6200000)
 Metaspace       used 57486K, capacity 59102K, committed 59160K, reserved 1099776K
  class space    used 7795K, capacity 8190K, committed 8232K, reserved 1048576K
}
Event: 6.862 GC heap before
{Heap before GC invocations=13 (full 3):
 PSYoungGen      total 203776K, used 17909K [0x00000000e0000000, 0x00000000ee480000, 0x0000000100000000)
  eden space 185856K, 0% used [0x00000000e0000000,0x00000000e0000000,0x00000000eb580000)
  from space 17920K, 99% used [0x00000000eca80000,0x00000000edbfd788,0x00000000edc00000)
  to   space 21504K, 0% used [0x00000000eb580000,0x00000000eb580000,0x00000000eca80000)
 ParOldGen       total 100352K, used 24905K [0x00000000a0000000, 0x00000000a6200000, 0x00000000e0000000)
  object space 100352K, 24% used [0x00000000a0000000,0x00000000a1852400,0x00000000a6200000)
 Metaspace       used 57486K, capacity 59102K, committed 59160K, reserved 1099776K
  class space    used 7795K, capacity 8190K, committed 8232K, reserved 1048576K
Event: 7.080 GC heap after
Heap after GC invocations=13 (full 3):
 PSYoungGen      total 203776K, used 0K [0x00000000e0000000, 0x00000000ee480000, 0x0000000100000000)
  eden space 185856K, 0% used [0x00000000e0000000,0x00000000e0000000,0x00000000eb580000)
  from space 17920K, 0% used [0x00000000eca80000,0x00000000eca80000,0x00000000edc00000)
  to   space 21504K, 0% used [0x00000000eb580000,0x00000000eb580000,0x00000000eca80000)
 ParOldGen       total 154112K, used 36475K [0x00000000a0000000, 0x00000000a9680000, 0x00000000e0000000)
  object space 154112K, 23% used [0x00000000a0000000,0x00000000a239eda8,0x00000000a9680000)
 Metaspace       used 57486K, capacity 59102K, committed 59160K, reserved 1099776K
  class space    used 7795K, capacity 8190K, committed 8232K, reserved 1048576K
}

